18-11-15 19:23-INFO--已经绑定过设备,请在原设备运行脚本
18-11-15 19:23-INFO--第一次运行
18-11-15 19:23-INFO--可运行线程数:100
18-11-15 19:24-INFO--进入账号注册+发朋友圈模式
18-11-15 19:24-INFO-127.0.0.1:62001-暂时无可用号码,可尝试释放号码！101
18-11-15 19:24-INFO-127.0.0.1:62001-暂时无可用号码,可尝试释放号码！101
18-11-15 19:24-INFO-127.0.0.1:62001-暂时无可用号码,可尝试释放号码！101
18-11-15 19:24-INFO-127.0.0.1:62001-暂时无可用号码,可尝试释放号码！101
18-11-15 19:24-INFO--已经绑定该设备
18-11-15 19:24-INFO--可运行线程数:100
18-11-15 19:25-INFO--进入账号注册+发朋友圈模式
18-11-15 19:25-INFO-127.0.0.1:62001-获取到手机号码:17746354538
18-11-15 19:26-INFO--已经绑定该设备
18-11-15 19:26-INFO--可运行线程数:100
18-11-15 19:27-INFO--进入账号注册+发朋友圈模式
18-11-15 19:27-INFO-127.0.0.1:62001-获取到手机号码:13353710972
18-11-15 19:28-INFO-127.0.0.1:62001-账号注册失败
18-11-15 19:30-INFO--已经绑定该设备
18-11-15 19:30-INFO--可运行线程数:100
18-11-15 19:31-INFO--进入账号注册+发朋友圈模式
18-11-15 19:31-INFO-127.0.0.1:62001-获取到手机号码:13353964424
18-11-15 19:32-INFO-127.0.0.1:62001-IMEI:356845057678631
18-11-15 19:32-INFO-127.0.0.1:62001-MAC:cc:3a:61:aa:68:6d
18-11-15 19:32-INFO-127.0.0.1:62001-BRAND:samsung
18-11-15 19:55-INFO--已经绑定该设备
18-11-15 19:55-INFO--可运行线程数:100
18-11-15 19:55-INFO--进入账号注册+发朋友圈模式
18-11-15 19:55-INFO-127.0.0.1:62001-获取到手机号码:17335568009
18-11-15 19:56-INFO-Could not connect to port 4732 on host localhost
18-11-15 19:56-INFO-Could not get IP address for host: localhost
18-11-15 19:56-INFO-127.0.0.1:62001-账号注册失败
18-11-15 19:56-INFO-127.0.0.1:62001-获取到手机号码:17337649892
18-11-15 19:56-INFO-127.0.0.1:62001-IMEI:867306022602927
18-11-15 19:56-INFO-127.0.0.1:62001-MAC:dc:ce:bc:34:7:bd
18-11-15 19:56-INFO-127.0.0.1:62001-BRAND:innos
18-11-18 13:18-INFO--已经绑定过设备,请在原设备运行脚本
18-11-18 13:19-INFO--第一次运行
18-11-18 13:19-INFO--可运行线程数:100
18-11-18 13:19-INFO--进入账号注册+发朋友圈模式
18-11-18 13:19-INFO-53476787-获取到手机号码:13373929061
18-11-18 13:19-INFO-Could not connect to port 4732 on host localhost
18-11-18 13:19-INFO-Could not get IP address for host: localhost
18-11-18 13:19-WARNING-Retrying (Retry(total=2, connect=None, read=None, redirect=None, status=None)) after connection broken by 'NewConnectionError('<urllib3.connection.HTTPConnection object at 0x000000000403BA20>: Failed to establish a new connection: [Errno 10061] ',)': /wd/hub/session
18-11-18 13:19-INFO-Redirecting http://localhost:4732/wd/hub/session -> http://localhost:4732/wd/hub/session/00f3ec9e-e294-4ba0-973a-39140a099b2a
18-11-18 13:19-INFO-53476787-账号注册失败
18-11-18 13:19-INFO-53476787-获取到手机号码:17772879183
18-11-18 13:20-INFO--已经绑定该设备
18-11-18 13:20-INFO--可运行线程数:100
18-11-18 13:21-INFO--进入账号注册+发朋友圈模式
18-11-18 13:21-INFO-53476787-发现异常,重新注册
18-11-18 13:21-INFO-53476787-发现异常,重新注册
18-11-18 13:21-INFO-53476787-发现异常,重新注册
18-11-18 13:21-INFO-53476787-发现异常,重新注册
18-11-18 13:21-INFO-53476787-发现异常,重新注册
18-11-18 13:21-INFO-53476787-发现异常,重新注册
18-11-18 13:21-INFO-53476787-获取到手机号码:17739647054
18-11-18 13:21-INFO-Redirecting http://127.0.0.1:4732/wd/hub/session -> http://127.0.0.1:4732/wd/hub/session/ec685953-1c2d-4dfb-a3eb-7075c718b69d
18-11-18 13:22-INFO-53476787-IMEI:354578071470816
18-11-18 13:22-INFO-53476787-MAC:f8:32:e4:59:61:4a
18-11-18 13:22-INFO-53476787-BRAND:asus
18-11-18 13:22-INFO-53476787-点击注册
18-11-18 13:22-INFO-53476787-输入昵称
18-11-18 13:22-INFO-53476787-清空手机号码
18-11-18 13:23-INFO-53476787-输入手机号码:17739647054
18-11-18 13:24-INFO--已经绑定该设备
18-11-18 13:24-INFO--可运行线程数:100
18-11-18 13:24-INFO--进入账号注册+发朋友圈模式
18-11-18 13:24-INFO-53476787-发现异常,重新注册
18-11-18 13:24-INFO-53476787-发现异常,重新注册
18-11-18 13:24-INFO-53476787-发现异常,重新注册
18-11-18 13:24-INFO-53476787-发现异常,重新注册
18-11-18 13:24-INFO-53476787-发现异常,重新注册
18-11-18 13:24-INFO-53476787-发现异常,重新注册
18-11-18 13:25-INFO-53476787-发现异常,重新注册
18-11-18 13:25-INFO-53476787-发现异常,重新注册
18-11-18 13:25-INFO-53476787-发现异常,重新注册
18-11-18 13:25-INFO-53476787-发现异常,重新注册
18-11-18 13:25-INFO-53476787-发现异常,重新注册
18-11-18 13:25-INFO-53476787-发现异常,重新注册
18-11-18 13:25-INFO-53476787-发现异常,重新注册
18-11-18 13:25-INFO--已经绑定该设备
18-11-18 13:25-INFO--可运行线程数:100
18-11-18 13:26-INFO--已经绑定该设备
18-11-18 13:26-INFO--可运行线程数:100
18-11-18 13:26-INFO--进入发文字朋友圈模式
18-11-18 13:26-INFO-53476787设备找到1个数据
18-11-18 13:26-INFO-53476787-发现异常
18-11-18 13:27-INFO--已经绑定该设备
18-11-18 13:27-INFO--可运行线程数:100
18-11-18 13:27-INFO--进入账号注册+发朋友圈模式
18-11-18 13:27-INFO-53476787-发现异常,重新注册
18-11-18 13:27-INFO-53476787-发现异常,重新注册
18-11-18 13:27-INFO-53476787-发现异常,重新注册
18-11-18 13:27-INFO-53476787-发现异常,重新注册
18-11-18 13:27-INFO-53476787-发现异常,重新注册
18-11-18 13:27-INFO-53476787-发现异常,重新注册
18-11-18 13:28-INFO-53476787-获取到手机号码:17737220370
18-11-18 13:28-INFO-Redirecting http://127.0.0.1:4732/wd/hub/session -> http://127.0.0.1:4732/wd/hub/session/50571e15-9442-44ae-b54e-574c14d22990
18-11-18 13:28-INFO-53476787-IMEI:990005678466328
18-11-18 13:28-INFO-53476787-MAC:18:59:36:6e:e3:74
18-11-18 13:28-INFO-53476787-BRAND:Xiaomi
18-11-18 13:28-INFO-53476787-点击注册
18-11-18 13:28-INFO-53476787-输入昵称
18-11-18 13:29-INFO-53476787-清空手机号码
18-11-18 13:29-INFO-53476787-输入手机号码:17737220370
18-11-18 13:29-INFO-53476787-输入密码:b8d3jh9a
18-11-18 13:29-INFO-53476787-点击注册
18-11-18 13:30-INFO--已经绑定该设备
18-11-18 13:30-INFO--可运行线程数:100
18-11-18 13:30-INFO--进入账号注册+发朋友圈模式
18-11-18 13:30-INFO-53476787-获取不到手机号码
18-11-18 13:31-INFO-53476787-获取不到手机号码
18-11-18 13:52-INFO--已经绑定该设备
18-11-18 13:52-INFO--可运行线程数:100
18-11-18 13:52-INFO--进入账号注册+发朋友圈模式
18-11-18 13:52-INFO-53476787-发现异常,重新注册
18-11-18 13:52-INFO-53476787-发现异常,重新注册
18-11-18 13:52-INFO-53476787-发现异常,重新注册
18-11-18 13:53-INFO--已经绑定该设备
18-11-18 13:53-INFO--可运行线程数:100
18-11-18 13:53-INFO--进入账号注册+发朋友圈模式
18-11-18 13:53-INFO-53476787-获取不到手机号码
18-11-18 13:54-INFO-1
18-11-18 13:54-INFO-1
18-11-18 13:54-INFO-1
18-11-18 13:54-INFO-1
18-11-18 13:54-INFO-1
18-11-18 13:54-INFO-1
18-11-18 13:54-INFO-1
18-11-18 13:54-INFO-1
18-11-18 13:54-INFO-1
18-11-18 13:54-INFO-1
18-11-18 13:54-INFO-1
18-11-18 13:54-INFO-1
18-11-18 13:54-INFO-1
18-11-18 13:54-INFO-1
18-11-18 13:54-INFO-1
18-11-18 13:54-INFO-1
18-11-18 13:54-INFO-1
18-11-18 13:54-INFO-1
18-11-18 13:54-INFO-1
18-11-18 13:54-INFO-1
18-11-18 13:54-INFO-1
18-11-18 13:54-INFO-1
18-11-18 13:54-INFO-1
18-11-18 13:54-INFO-1
18-11-18 13:54-INFO-1
18-11-18 13:54-INFO-1
18-11-18 13:54-INFO-1
18-11-18 13:54-INFO-1
18-11-18 13:54-INFO-1
18-11-18 13:54-INFO-1
18-11-18 13:54-INFO-1
18-11-18 13:54-INFO-1
18-11-18 13:54-INFO-1
18-11-18 13:54-INFO-1
18-11-18 13:54-INFO-1
18-11-18 13:54-INFO-1
18-11-18 13:54-INFO-1
18-11-18 13:54-INFO-1
18-11-18 13:54-INFO-1
18-11-18 13:54-INFO-1
18-11-18 13:54-INFO-1
18-11-18 13:54-INFO-1
18-11-18 13:54-INFO-1
18-11-18 13:54-INFO-1
18-11-18 13:54-INFO-1
18-11-18 13:54-INFO-1
18-11-18 13:54-INFO-1
18-11-18 13:54-INFO-1
18-11-18 13:54-INFO-1
18-11-18 13:54-INFO-1
18-11-18 13:54-INFO-1
18-11-18 13:54-INFO-1
18-11-18 13:54-INFO-1
18-11-18 13:54-INFO-1
18-11-18 13:54-INFO-1
18-11-18 13:54-INFO-1
18-11-18 13:54-INFO-1
18-11-18 13:54-INFO-1
18-11-18 13:54-INFO-1
18-11-18 13:54-INFO-1
18-11-18 13:54-INFO-1
18-11-18 13:54-INFO-1
18-11-18 13:54-INFO-1
18-11-18 13:54-INFO-1
18-11-18 13:54-INFO-1
18-11-18 13:54-INFO-1
18-11-18 13:54-INFO-1
18-11-18 13:54-INFO-1
18-11-18 13:54-INFO-1
18-11-18 13:54-INFO-1
18-11-18 13:54-INFO-1
18-11-18 13:54-INFO-1
18-11-18 13:55-INFO-1
18-11-18 13:55-INFO-1
18-11-18 13:55-INFO-1
18-11-18 13:55-INFO-1
18-11-18 13:55-INFO-1
18-11-18 13:55-INFO-1
18-11-18 13:55-INFO-1
18-11-18 13:55-INFO-1
18-11-18 13:55-INFO-1
18-11-18 13:55-INFO-1
18-11-18 13:55-INFO-1
18-11-18 13:55-INFO-1
18-11-18 13:55-INFO-1
18-11-18 13:55-INFO-1
18-11-18 13:55-INFO-1
18-11-18 13:55-INFO-1
18-11-18 13:55-INFO-1
18-11-18 13:55-INFO-1
18-11-18 13:55-INFO-1
18-11-18 13:55-INFO-1
18-11-18 13:55-INFO-1
18-11-18 13:55-INFO-1
18-11-18 13:55-INFO-1
18-11-18 13:55-INFO-1
18-11-18 13:55-INFO-1
18-11-18 13:55-INFO-1
18-11-18 13:55-INFO-1
18-11-18 13:55-INFO-1
18-11-18 13:55-INFO-1
18-11-18 13:55-INFO-1
18-11-18 13:55-INFO-1
18-11-18 13:55-INFO-1
18-11-18 13:55-INFO-1
18-11-18 13:55-INFO-1
18-11-18 13:55-INFO-1
18-11-18 13:55-INFO-1
18-11-18 13:55-INFO-1
18-11-18 13:55-INFO-1
18-11-18 13:55-INFO-1
18-11-18 13:55-INFO-1
18-11-18 13:55-INFO-1
18-11-18 13:55-INFO-1
18-11-18 13:55-INFO-1
18-11-18 13:55-INFO-1
18-11-18 13:55-INFO-1
18-11-18 13:55-INFO-1
18-11-18 13:55-INFO-1
18-11-18 13:55-INFO-1
18-11-18 13:55-INFO-1
18-11-18 13:55-INFO-1
18-11-18 13:55-INFO-1
18-11-18 13:55-INFO-1
18-11-18 13:55-INFO-1
18-11-18 13:55-INFO-1
18-11-18 13:55-INFO-1
18-11-18 13:55-INFO-1
18-11-18 13:55-INFO-1
18-11-18 13:55-INFO-1
18-11-18 13:55-INFO-1
18-11-18 13:55-INFO-1
18-11-18 13:55-INFO-1
18-11-18 13:55-INFO-1
18-11-18 13:55-INFO-1
18-11-18 13:55-INFO-1
18-11-18 13:55-INFO-1
18-11-18 13:55-INFO-1
18-11-18 13:55-INFO-1
18-11-18 13:55-INFO-1
18-11-18 13:55-INFO-1
18-11-18 13:55-INFO-1
18-11-18 13:55-INFO-1
18-11-18 13:55-INFO-1
18-11-18 13:55-INFO-1
18-11-18 13:55-INFO-1
18-11-18 13:55-INFO-1
18-11-18 13:57-INFO--已经绑定该设备
18-11-18 13:57-INFO--可运行线程数:100
18-11-18 13:57-INFO--已经绑定该设备
18-11-18 13:57-INFO--可运行线程数:100
18-11-18 13:57-INFO--进入账号注册+发朋友圈模式
18-11-18 13:57-INFO-53476787未检测到手机连接
18-11-18 13:57-INFO-53476787未检测到手机连接
18-11-18 13:57-INFO-53476787未检测到手机连接
18-11-18 13:57-INFO-53476787未检测到手机连接
18-11-18 13:57-INFO-53476787未检测到手机连接
18-11-18 13:57-INFO-53476787未检测到手机连接
18-11-18 13:57-INFO-53476787未检测到手机连接
18-11-18 13:57-INFO-53476787未检测到手机连接
18-11-18 13:57-INFO-53476787未检测到手机连接
18-11-18 13:57-INFO-53476787未检测到手机连接
18-11-18 13:57-INFO-53476787未检测到手机连接
18-11-18 13:57-INFO-53476787未检测到手机连接
18-11-18 13:57-INFO-53476787未检测到手机连接
18-11-18 13:57-INFO-53476787未检测到手机连接
18-11-18 13:57-INFO-53476787未检测到手机连接
18-11-18 13:57-INFO-53476787未检测到手机连接
18-11-18 13:57-INFO-53476787未检测到手机连接
18-11-18 13:57-INFO-53476787未检测到手机连接
18-11-18 13:57-INFO-53476787未检测到手机连接
18-11-18 13:57-INFO-53476787未检测到手机连接
18-11-18 13:57-INFO-53476787未检测到手机连接
18-11-18 13:57-INFO-53476787未检测到手机连接
18-11-18 13:57-INFO-53476787未检测到手机连接
18-11-18 13:57-INFO-53476787未检测到手机连接
18-11-18 13:57-INFO-53476787未检测到手机连接
18-11-18 13:57-INFO-53476787未检测到手机连接
18-11-18 13:57-INFO-53476787未检测到手机连接
18-11-18 13:57-INFO-53476787未检测到手机连接
18-11-18 13:57-INFO-53476787未检测到手机连接
18-11-18 13:57-INFO-53476787未检测到手机连接
18-11-18 13:57-INFO-53476787未检测到手机连接
18-11-18 13:57-INFO-53476787未检测到手机连接
18-11-18 13:57-INFO-53476787未检测到手机连接
18-11-18 13:57-INFO-53476787未检测到手机连接
18-11-18 13:57-INFO-53476787未检测到手机连接
18-11-18 13:57-INFO-53476787未检测到手机连接
18-11-18 13:57-INFO-53476787未检测到手机连接
18-11-18 13:57-INFO-53476787未检测到手机连接
18-11-18 13:57-INFO-53476787未检测到手机连接
18-11-18 13:57-INFO-53476787未检测到手机连接
18-11-18 13:57-INFO-53476787未检测到手机连接
18-11-18 13:57-INFO-53476787未检测到手机连接
18-11-18 13:57-INFO-53476787未检测到手机连接
18-11-18 13:57-INFO-53476787未检测到手机连接
18-11-18 13:57-INFO-53476787未检测到手机连接
18-11-18 13:57-INFO-53476787未检测到手机连接
18-11-18 13:57-INFO-53476787未检测到手机连接
18-11-18 13:57-INFO-53476787未检测到手机连接
18-11-18 13:57-INFO-53476787未检测到手机连接
18-11-18 13:57-INFO-53476787未检测到手机连接
18-11-18 13:57-INFO-53476787未检测到手机连接
18-11-18 13:57-INFO-53476787未检测到手机连接
18-11-18 13:57-INFO-53476787未检测到手机连接
18-11-18 13:57-INFO-53476787未检测到手机连接
18-11-18 13:57-INFO-53476787未检测到手机连接
18-11-18 13:57-INFO-53476787未检测到手机连接
18-11-18 13:57-INFO-53476787未检测到手机连接
18-11-18 13:57-INFO-53476787未检测到手机连接
18-11-18 13:57-INFO-53476787未检测到手机连接
18-11-18 13:57-INFO-53476787未检测到手机连接
18-11-18 13:57-INFO-53476787未检测到手机连接
18-11-18 13:57-INFO-53476787未检测到手机连接
18-11-18 13:57-INFO-53476787未检测到手机连接
18-11-18 13:57-INFO-53476787未检测到手机连接
18-11-18 13:57-INFO-53476787未检测到手机连接
18-11-18 13:57-INFO-53476787未检测到手机连接
18-11-18 13:57-INFO-53476787未检测到手机连接
18-11-18 13:57-INFO-53476787未检测到手机连接
18-11-18 13:57-INFO-53476787未检测到手机连接
18-11-18 13:57-INFO-53476787未检测到手机连接
18-11-18 13:57-INFO-53476787未检测到手机连接
18-11-18 13:57-INFO-53476787未检测到手机连接
18-11-18 13:57-INFO-53476787未检测到手机连接
18-11-18 13:57-INFO-53476787未检测到手机连接
18-11-18 13:57-INFO-53476787未检测到手机连接
18-11-18 13:57-INFO-53476787未检测到手机连接
18-11-18 13:57-INFO-53476787未检测到手机连接
18-11-18 13:57-INFO-53476787未检测到手机连接
18-11-18 13:57-INFO-53476787未检测到手机连接
18-11-18 13:57-INFO-53476787未检测到手机连接
18-11-18 13:57-INFO-53476787未检测到手机连接
18-11-18 13:57-INFO-53476787未检测到手机连接
18-11-18 13:57-INFO-53476787未检测到手机连接
18-11-18 13:57-INFO-53476787未检测到手机连接
18-11-18 13:57-INFO-53476787未检测到手机连接
18-11-18 13:57-INFO-53476787未检测到手机连接
18-11-18 13:57-INFO-53476787未检测到手机连接
18-11-18 13:57-INFO-53476787未检测到手机连接
18-11-18 13:57-INFO-53476787未检测到手机连接
18-11-18 13:57-INFO-53476787未检测到手机连接
18-11-18 13:57-INFO-53476787未检测到手机连接
18-11-18 13:57-INFO-53476787未检测到手机连接
18-11-18 13:57-INFO-53476787未检测到手机连接
18-11-18 13:57-INFO-53476787未检测到手机连接
18-11-18 13:57-INFO-53476787未检测到手机连接
18-11-18 13:57-INFO-53476787未检测到手机连接
18-11-18 13:57-INFO-53476787未检测到手机连接
18-11-18 13:57-INFO-53476787未检测到手机连接
18-11-18 13:57-INFO-53476787未检测到手机连接
18-11-18 13:57-INFO-53476787未检测到手机连接
18-11-18 13:57-INFO-53476787未检测到手机连接
18-11-18 13:57-INFO-53476787未检测到手机连接
18-11-18 13:57-INFO-53476787未检测到手机连接
18-11-18 13:57-INFO-53476787未检测到手机连接
18-11-18 13:57-INFO-53476787未检测到手机连接
18-11-18 13:57-INFO-53476787未检测到手机连接
18-11-18 13:57-INFO-53476787未检测到手机连接
18-11-18 13:57-INFO-53476787未检测到手机连接
18-11-18 13:57-INFO-53476787未检测到手机连接
18-11-18 13:57-INFO-53476787未检测到手机连接
18-11-18 13:57-INFO-53476787未检测到手机连接
18-11-18 13:57-INFO-53476787未检测到手机连接
18-11-18 13:57-INFO-53476787未检测到手机连接
18-11-18 13:57-INFO-53476787未检测到手机连接
18-11-18 13:57-INFO-53476787未检测到手机连接
18-11-18 13:57-INFO-53476787未检测到手机连接
18-11-18 13:57-INFO-53476787未检测到手机连接
18-11-18 13:57-INFO-53476787未检测到手机连接
18-11-18 13:57-INFO-53476787未检测到手机连接
18-11-18 13:57-INFO-53476787未检测到手机连接
18-11-18 13:57-INFO-53476787未检测到手机连接
18-11-18 13:57-INFO-53476787未检测到手机连接
18-11-18 13:57-INFO-53476787未检测到手机连接
18-11-18 13:57-INFO-53476787未检测到手机连接
18-11-18 13:57-INFO-53476787未检测到手机连接
18-11-18 13:57-INFO-53476787未检测到手机连接
18-11-18 13:57-INFO-53476787未检测到手机连接
18-11-18 13:57-INFO-53476787未检测到手机连接
18-11-18 13:57-INFO-53476787未检测到手机连接
18-11-18 13:57-INFO-53476787未检测到手机连接
18-11-18 13:57-INFO-53476787未检测到手机连接
18-11-18 13:57-INFO-53476787未检测到手机连接
18-11-18 13:57-INFO-53476787未检测到手机连接
18-11-18 13:57-INFO-53476787未检测到手机连接
18-11-18 13:57-INFO-53476787未检测到手机连接
18-11-18 13:57-INFO-53476787未检测到手机连接
18-11-18 13:57-INFO-53476787未检测到手机连接
18-11-18 13:57-INFO-53476787未检测到手机连接
18-11-18 13:57-INFO-53476787未检测到手机连接
18-11-18 13:57-INFO-53476787未检测到手机连接
18-11-18 13:57-INFO-53476787未检测到手机连接
18-11-18 13:57-INFO-53476787未检测到手机连接
18-11-18 13:57-INFO-53476787未检测到手机连接
18-11-18 13:57-INFO-53476787未检测到手机连接
18-11-18 13:57-INFO-53476787未检测到手机连接
18-11-18 13:57-INFO-53476787未检测到手机连接
18-11-18 13:57-INFO-53476787未检测到手机连接
18-11-18 13:57-INFO-53476787未检测到手机连接
18-11-18 13:57-INFO-53476787未检测到手机连接
18-11-18 13:57-INFO-53476787未检测到手机连接
18-11-18 13:57-INFO-53476787未检测到手机连接
18-11-18 13:57-INFO-53476787未检测到手机连接
18-11-18 13:57-INFO-53476787未检测到手机连接
18-11-18 13:57-INFO-53476787未检测到手机连接
18-11-18 13:57-INFO-53476787未检测到手机连接
18-11-18 13:57-INFO-53476787未检测到手机连接
18-11-18 13:57-INFO-53476787未检测到手机连接
18-11-18 13:57-INFO-53476787未检测到手机连接
18-11-18 13:57-INFO-53476787未检测到手机连接
18-11-18 13:57-INFO-53476787未检测到手机连接
18-11-18 13:57-INFO-53476787未检测到手机连接
18-11-18 13:57-INFO-53476787未检测到手机连接
18-11-18 13:57-INFO-53476787未检测到手机连接
18-11-18 13:57-INFO-53476787未检测到手机连接
18-11-18 13:57-INFO-53476787未检测到手机连接
18-11-18 13:57-INFO-53476787未检测到手机连接
18-11-18 13:57-INFO-53476787未检测到手机连接
18-11-18 13:57-INFO-53476787未检测到手机连接
18-11-18 13:57-INFO-53476787未检测到手机连接
18-11-18 13:57-INFO-53476787未检测到手机连接
18-11-18 13:57-INFO-53476787未检测到手机连接
18-11-18 13:57-INFO-53476787未检测到手机连接
18-11-18 13:57-INFO-53476787未检测到手机连接
18-11-18 13:57-INFO-53476787未检测到手机连接
18-11-18 13:57-INFO-53476787未检测到手机连接
18-11-18 13:58-INFO--已经绑定该设备
18-11-18 13:58-INFO--可运行线程数:100
18-11-18 13:59-INFO--进入账号注册+发朋友圈模式
18-11-18 13:59-INFO-53476787未检测到手机连接
18-11-18 13:59-INFO-53476787未检测到手机连接
18-11-18 13:59-INFO-53476787未检测到手机连接
18-11-18 13:59-INFO-53476787未检测到手机连接
18-11-18 13:59-INFO--已经绑定该设备
18-11-18 13:59-INFO--可运行线程数:100
18-11-18 14:00-INFO--进入账号注册+发朋友圈模式
18-11-18 14:00-INFO-53476787未检测到手机连接
18-11-18 14:00-INFO-53476787未检测到手机连接
18-11-18 14:00-INFO-53476787-获取到手机号码:13383873742
18-11-18 14:00-INFO-Redirecting http://127.0.0.1:4732/wd/hub/session -> http://127.0.0.1:4732/wd/hub/session/d904804f-3a97-4c82-874c-a13a666aaf2b
18-11-18 14:00-INFO-53476787-IMEI:356517051616491
18-11-18 14:00-INFO-53476787-MAC:f0:72:8c:d1:d4:32
18-11-18 14:00-INFO-53476787-BRAND:samsung
18-11-18 14:01-INFO-53476787-点击注册
18-11-18 14:02-INFO--已经绑定该设备
18-11-18 14:02-INFO--可运行线程数:100
18-11-18 14:02-INFO--进入账号注册+发朋友圈模式
18-11-18 14:02-INFO-53476787-获取到手机号码:18037985293
18-11-18 14:03-INFO-Redirecting http://127.0.0.1:4732/wd/hub/session -> http://127.0.0.1:4732/wd/hub/session/41fea3bc-c3b1-4a39-a19d-d8fe6fa0854d
18-11-18 14:03-INFO-53476787-IMEI:863170026900982
18-11-18 14:03-INFO-53476787-MAC:18:dc:56:23:cd:36
18-11-18 14:03-INFO-53476787-BRAND:Coolpad
18-11-18 14:03-INFO-53476787-点击注册
18-11-18 14:03-INFO-53476787-输入昵称
18-11-18 14:03-INFO-53476787-清空手机号码
18-11-18 14:03-INFO-53476787-输入手机号码:18037985293
18-11-18 14:04-INFO-53476787-输入密码:09xw8f2a
18-11-18 14:04-INFO-53476787-点击注册
18-11-18 14:04-INFO-53476787-同意协议
18-11-18 14:04-INFO-53476787同意协议未出现下一步,重新注册
18-11-18 14:04-INFO-53476787-账号注册失败
18-11-18 14:04-INFO-53476787-获取到手机号码:17729751841
18-11-18 14:05-INFO-Redirecting http://127.0.0.1:4732/wd/hub/session -> http://127.0.0.1:4732/wd/hub/session/c1165550-84da-421b-825e-2bea3c269d0c
18-11-18 14:06-INFO--已经绑定该设备
18-11-18 14:06-INFO--可运行线程数:100
18-11-18 14:06-INFO--进入账号注册+发朋友圈模式
18-11-18 14:06-INFO-53476787-获取到手机号码:17719951629
18-11-18 14:06-INFO-Redirecting http://127.0.0.1:4732/wd/hub/session -> http://127.0.0.1:4732/wd/hub/session/f5047311-6ccb-4e44-b6ee-6250efa34a3b
18-11-18 14:06-INFO-53476787-IMEI:356517054434264
18-11-18 14:06-INFO-53476787-MAC:f0:72:8c:9:d8:43
18-11-18 14:06-INFO-53476787-BRAND:samsung
18-11-18 14:07-INFO-53476787-点击注册
18-11-18 14:07-INFO-53476787-输入昵称
18-11-18 14:07-INFO-53476787-清空手机号码
18-11-18 14:07-INFO-53476787-输入手机号码:17719951629
18-11-18 14:07-INFO-53476787-输入密码:45d8915a
18-11-18 14:07-INFO-53476787未检测到手机连接
18-11-18 14:10-INFO--已经绑定该设备
18-11-18 14:10-INFO--可运行线程数:100
18-11-18 14:10-INFO--进入账号注册+发朋友圈模式
18-11-18 14:10-INFO-53476787-获取不到手机号码
18-11-18 14:10-INFO-53476787-获取不到手机号码
18-11-18 14:10-INFO-53476787-获取不到手机号码
18-11-18 14:12-INFO--已经绑定该设备
18-11-18 14:12-INFO--可运行线程数:100
18-11-18 14:13-INFO--进入账号注册+发朋友圈模式
18-11-18 14:13-INFO-53476787-获取不到手机号码
18-11-18 14:14-INFO--已经绑定该设备
18-11-18 14:14-INFO--可运行线程数:100
18-11-18 14:14-INFO--进入账号注册+发朋友圈模式
18-11-18 14:14-INFO-53476787-获取不到手机号码
18-11-18 14:15-INFO-53476787-获取不到手机号码
18-11-18 14:15-INFO-53476787-获取到手机号码:17739175593
18-11-18 14:15-INFO-Redirecting http://127.0.0.1:4732/wd/hub/session -> http://127.0.0.1:4732/wd/hub/session/e81102a6-74dd-40e3-8496-8498a8e9daeb
18-11-18 14:15-INFO-53476787-IMEI:863170021550287
18-11-18 14:15-INFO-53476787-MAC:18:dc:56:62:49:9e
18-11-18 14:15-INFO-53476787-BRAND:Coolpad
18-11-18 14:16-INFO-53476787-点击注册
18-11-18 14:16-INFO-53476787-输入昵称
18-11-18 14:16-INFO-53476787-清空手机号码
18-11-18 14:16-INFO-53476787-输入手机号码:17739175593
18-11-18 14:16-INFO-53476787-输入密码:epcupm9a
18-11-18 14:16-INFO-53476787-点击注册
18-11-18 14:16-INFO-53476787-同意协议
18-11-18 14:17-INFO-53476787-同意协议
18-11-18 14:19-INFO--已经绑定该设备
18-11-18 14:19-INFO--可运行线程数:100
18-11-18 14:19-INFO--进入账号注册+发朋友圈模式
18-11-18 14:20-INFO-53476787-获取到手机号码:18039946750
18-11-18 14:20-INFO-Redirecting http://127.0.0.1:4732/wd/hub/session -> http://127.0.0.1:4732/wd/hub/session/53e08caf-eb4f-4693-bf19-2722cf4e910d
18-11-18 14:20-INFO-53476787-IMEI:862255035776928
18-11-18 14:20-INFO-53476787-MAC:a4:44:d1:e9:e4:2
18-11-18 14:20-INFO-53476787-BRAND:Meizu
18-11-18 14:20-INFO-53476787-点击注册
18-11-18 14:20-INFO-53476787-输入昵称
18-11-18 14:20-INFO-53476787-清空手机号码
18-11-18 14:21-INFO-53476787-输入手机号码:18039946750
18-11-18 14:21-INFO-53476787-输入密码:rss8we9a
18-11-18 14:21-INFO-53476787-点击注册
18-11-18 14:21-INFO-53476787-同意协议
18-11-18 14:21-INFO-53476787-同意协议
18-11-18 14:23-INFO--已经绑定该设备
18-11-18 14:23-INFO--可运行线程数:100
18-11-18 14:24-INFO--进入账号注册+发朋友圈模式
18-11-18 14:24-INFO-53476787-获取到手机号码:17337219879
18-11-18 14:24-INFO-Redirecting http://127.0.0.1:4732/wd/hub/session -> http://127.0.0.1:4732/wd/hub/session/95d4893e-f970-43ef-95b3-f865addbcc05
18-11-18 14:25-INFO-53476787-IMEI:862872022372600
18-11-18 14:25-INFO-53476787-MAC:c8:dd:c9:74:24:a6
18-11-18 14:25-INFO-53476787-BRAND:Lenovo
18-11-18 14:25-INFO-53476787-点击注册
18-11-18 14:25-INFO-53476787-输入昵称
18-11-18 14:25-INFO-53476787-清空手机号码
18-11-18 14:25-INFO-53476787-输入手机号码:17337219879
18-11-18 14:25-INFO-53476787-输入密码:vv9vra1a
18-11-18 14:25-INFO-53476787-点击注册
18-11-18 14:26-INFO-53476787-同意协议
18-11-18 14:26-INFO-53476787-同意协议
18-11-18 14:27-INFO-53476787-账号注册失败
18-11-18 14:27-INFO-53476787-获取到手机号码:18939437809
18-11-18 14:27-INFO-Could not connect to port 4732 on host localhost
18-11-18 14:27-INFO-Could not get IP address for host: localhost
18-11-18 14:27-WARNING-Retrying (Retry(total=2, connect=None, read=None, redirect=None, status=None)) after connection broken by 'NewConnectionError('<urllib3.connection.HTTPConnection object at 0x0000000004D442E8>: Failed to establish a new connection: [Errno 10061] ',)': /wd/hub/session
18-11-18 14:27-WARNING-Retrying (Retry(total=1, connect=None, read=None, redirect=None, status=None)) after connection broken by 'NewConnectionError('<urllib3.connection.HTTPConnection object at 0x0000000004D443C8>: Failed to establish a new connection: [Errno 10061] ',)': /wd/hub/session
18-11-18 14:31-INFO--已经绑定该设备
18-11-18 14:31-INFO--可运行线程数:100
18-11-18 14:32-INFO--进入账号注册+发朋友圈模式
18-11-18 14:32-INFO-53476787-获取到手机号码:17337415785
18-11-18 14:32-INFO-Redirecting http://127.0.0.1:4732/wd/hub/session -> http://127.0.0.1:4732/wd/hub/session/5a367bf3-4319-443f-9070-7443a5fb44d9
18-11-18 14:33-INFO-53476787-IMEI:359274074559210
18-11-18 14:33-INFO-53476787-MAC:50:9e:a7:ca:9e:6
18-11-18 14:33-INFO-53476787-BRAND:samsung
18-11-18 14:33-INFO-53476787-点击注册
18-11-18 14:33-INFO-53476787-输入昵称
18-11-18 14:33-INFO-53476787-清空手机号码
18-11-18 14:33-INFO-53476787-输入手机号码:17337415785
18-11-18 14:33-INFO-53476787-输入密码:m4ft967a
18-11-18 14:33-INFO-53476787-点击注册
18-11-18 14:34-INFO-53476787-同意协议
18-11-18 14:34-INFO-53476787-同意协议
18-11-18 14:35-INFO--已经绑定该设备
18-11-18 14:35-INFO--可运行线程数:100
18-11-18 14:35-INFO--进入账号注册+发朋友圈模式
18-11-18 14:35-INFO-53476787-获取到手机号码:17329290337
18-11-18 14:35-INFO-Redirecting http://127.0.0.1:4732/wd/hub/session -> http://127.0.0.1:4732/wd/hub/session/7fb607a2-d9f0-4256-80b4-edb3e7d673d4
18-11-18 14:36-INFO-53476787-账号注册失败
18-11-18 14:36-INFO-53476787-获取到手机号码:17339565794
18-11-18 14:36-INFO-Redirecting http://127.0.0.1:4732/wd/hub/session -> http://127.0.0.1:4732/wd/hub/session/c91a5503-6127-4ce6-a6b8-34f121730c8e
18-11-18 14:37-INFO-53476787-IMEI:356517053188929
18-11-18 14:37-INFO-53476787-MAC:f0:72:8c:de:72:87
18-11-18 14:37-INFO-53476787-BRAND:samsung
18-11-18 14:37-INFO-53476787-点击注册
18-11-18 14:37-INFO-53476787-输入昵称
18-11-18 14:37-INFO-53476787-清空手机号码
18-11-18 14:38-INFO-53476787-输入手机号码:17339565794
18-11-18 14:38-INFO-53476787-输入密码:0c70591a
18-11-18 14:38-INFO-53476787-点击注册
18-11-18 14:38-INFO-53476787-同意协议
18-11-18 14:38-INFO-53476787-同意协议
18-11-18 14:39-INFO-53476787-进入滑图页面
18-11-18 14:39-INFO-53476787-跳转到二维码页面
18-11-18 14:39-INFO-53476787-未跳码成功,重新注册!
18-11-18 14:39-INFO-53476787-账号注册失败
18-11-18 14:43-INFO--已经绑定该设备
18-11-18 14:43-INFO--可运行线程数:100
18-11-18 14:44-INFO--进入账号注册+发朋友圈模式
18-11-18 14:44-INFO-53476787-获取不到手机号码
18-11-18 14:44-INFO-53476787-获取不到手机号码
18-11-18 14:44-INFO-53476787-获取不到手机号码
18-11-18 14:44-INFO-53476787-获取不到手机号码
18-11-18 20:06-INFO-945f3978-获取到手机号码:17303987896
18-11-18 20:24-INFO-945f3978-获取到手机号码:17716272143
18-11-19 13:47-INFO--已经绑定过设备,请在原设备运行脚本
18-11-19 13:48-INFO--第一次运行
18-11-19 13:48-INFO--可运行线程数:100
18-11-19 13:48-INFO--进入账号注册+发朋友圈模式
18-11-19 13:48-INFO-127.0.0.1:62001-获取到手机号码:18939617248
18-11-19 13:48-INFO-127.0.0.1:62001-账号注册失败
18-11-19 13:48-INFO-127.0.0.1:62001-获取到手机号码:15303885083
18-11-19 13:48-INFO-127.0.0.1:62001-账号注册失败
18-11-19 13:48-INFO-127.0.0.1:62001-获取到手机号码:15343729463
18-11-19 13:48-INFO-127.0.0.1:62001-账号注册失败
18-11-19 14:15-INFO--已经绑定该设备
18-11-19 14:15-INFO--可运行线程数:100
18-11-19 14:15-INFO--进入账号注册+发朋友圈模式
18-11-19 14:15-INFO-127.0.0.1:62001-暂时无可用号码,可尝试释放号码！101
18-11-19 14:15-INFO--已经绑定该设备
18-11-19 14:15-INFO--可运行线程数:100
18-11-19 14:15-INFO--进入账号注册+发朋友圈模式
18-11-19 14:16-INFO-127.0.0.1:62001-获取到手机号码:17344706108
18-11-19 14:16-INFO-127.0.0.1:62001-账号注册失败
18-11-19 14:17-INFO--已经绑定该设备
18-11-19 14:17-INFO--可运行线程数:100
18-11-19 14:17-INFO--进入账号注册+发朋友圈模式
18-11-19 14:17-INFO-127.0.0.1:62001-获取到手机号码:17749411472
18-11-19 14:17-INFO-127.0.0.1:62001-账号注册失败
18-11-19 14:18-INFO--已经绑定该设备
18-11-19 14:18-INFO--可运行线程数:100
18-11-19 14:18-INFO--进入账号注册+发朋友圈模式
18-11-19 14:19-INFO-127.0.0.1:62001-获取到手机号码:17746946875
18-11-19 14:19-INFO--已经绑定该设备
18-11-19 14:19-INFO--可运行线程数:100
18-11-19 14:19-INFO--进入账号注册+发朋友圈模式
18-11-19 14:19-INFO-127.0.0.1:62001-获取到手机号码:18137692154
18-11-19 14:20-INFO--已经绑定该设备
18-11-19 14:20-INFO--可运行线程数:100
18-11-19 14:20-INFO--进入账号注册+发朋友圈模式
18-11-19 14:20-INFO-127.0.0.1:62001-获取到手机号码:17719066745
18-11-19 14:20-INFO--已经绑定该设备
18-11-19 14:20-INFO--可运行线程数:100
18-11-19 14:20-INFO--进入账号注册+发朋友圈模式
18-11-19 14:20-INFO-127.0.0.1:62001-获取到手机号码:18039192273
18-11-19 14:20-INFO-127.0.0.1:62001-账号注册失败
18-11-19 14:20-INFO-127.0.0.1:62001-获取到手机号码:17797748460
18-11-19 14:21-INFO--已经绑定该设备
18-11-19 14:21-INFO--可运行线程数:100
18-11-19 14:21-INFO--进入账号注册+发朋友圈模式
18-11-19 14:21-INFO-127.0.0.1:62001-获取到手机号码:17746339217
18-11-19 14:21-INFO-127.0.0.1:62001-账号注册失败
18-11-19 14:21-INFO-127.0.0.1:62001-获取到手机号码:17703848479
18-11-19 14:22-INFO--已经绑定该设备
18-11-19 14:22-INFO--可运行线程数:100
18-11-19 14:22-INFO--进入账号注册+发朋友圈模式
18-11-19 14:22-INFO-127.0.0.1:62001-获取到手机号码:18939246312
18-11-19 14:22-INFO-127.0.0.1:62001-账号注册失败
18-11-19 14:22-INFO-127.0.0.1:62001-获取到手机号码:18137203016
18-11-19 14:23-INFO--已经绑定该设备
18-11-19 14:23-INFO--可运行线程数:100
18-11-19 14:23-INFO--进入发文字朋友圈模式
18-11-19 14:23-INFO-127.0.0.1:62001该设备在养号列表中没有数据
18-11-19 14:23-INFO--已经绑定该设备
18-11-19 14:23-INFO--可运行线程数:100
18-11-19 14:23-INFO--进入发文字朋友圈模式
18-11-19 14:23-INFO-127.0.0.1:62001该设备在养号列表中没有数据
18-11-19 14:24-INFO--已经绑定该设备
18-11-19 14:24-INFO--可运行线程数:100
18-11-19 14:24-INFO--进入账号注册+发朋友圈模式
18-11-19 14:24-INFO-127.0.0.1:62001-获取到手机号码:18143904547
18-11-19 14:24-INFO-127.0.0.1:62001-账号注册失败
18-11-19 14:24-INFO-127.0.0.1:62001-获取到手机号码:17760275877
18-11-19 20:51-INFO--第一次运行
18-11-19 20:51-INFO--可运行线程数:100
18-11-19 20:51-INFO--进入账号注册+发朋友圈模式
18-11-19 20:51-INFO-53476787-获取不到手机号码
18-11-19 20:52-INFO-53476787-获取不到手机号码
18-11-19 20:53-INFO--第一次运行
18-11-19 20:53-INFO--可运行线程数:100
18-11-19 20:53-INFO--进入账号注册+发朋友圈模式
18-11-19 20:54-INFO-53476787-获取不到手机号码
18-11-19 20:54-INFO-53476787-获取不到手机号码
18-11-19 20:54-INFO--已经绑定该设备
18-11-19 20:54-INFO--可运行线程数:100
18-11-19 20:54-INFO--进入账号注册+发朋友圈模式
18-11-19 20:54-INFO-53476787-获取不到手机号码
18-11-19 20:54-INFO-53476787-获取不到手机号码
18-11-19 20:55-INFO-53476787-获取不到手机号码
18-11-19 20:55-INFO-53476787-获取不到手机号码
18-11-19 20:55-INFO-53476787-获取不到手机号码
18-11-19 20:55-INFO-53476787-获取不到手机号码
18-11-19 20:56-INFO-53476787-获取不到手机号码
18-11-19 20:56-INFO-53476787-获取不到手机号码
18-11-19 20:56-INFO-53476787-获取不到手机号码
18-11-19 20:57-INFO--已经绑定该设备
18-11-19 20:57-INFO--已经绑定该设备
18-11-19 20:57-INFO--可运行线程数:100
18-11-19 20:57-INFO--进入账号注册+发朋友圈模式
18-11-19 20:58-INFO-53476787-账号注册失败
18-11-19 20:58-INFO--已经绑定该设备
18-11-19 20:58-INFO--可运行线程数:100
18-11-19 20:58-INFO--进入账号注册+发朋友圈模式
18-11-19 20:59-INFO-53476787-IMEI:358584056392849
18-11-19 20:59-INFO-53476787-MAC:f0:25:b7:81:5c:28
18-11-19 20:59-INFO-53476787-BRAND:samsung
18-11-19 20:59-INFO-53476787-点击注册
18-11-19 20:59-INFO-53476787-账号注册失败
18-11-19 21:03-INFO--已经绑定该设备
18-11-19 21:03-INFO--可运行线程数:100
18-11-19 21:03-INFO--进入账号注册+发朋友圈模式
18-11-19 21:04-INFO-53476787-IMEI:866609025240467
18-11-19 21:04-INFO-53476787-MAC:a0:93:47:8:be:f7
18-11-19 21:04-INFO-53476787-BRAND:OPPO
18-11-19 21:04-INFO-53476787-点击注册
18-11-19 21:04-INFO-53476787-账号注册失败
18-11-19 21:06-INFO--已经绑定该设备
18-11-19 21:06-INFO--可运行线程数:100
18-11-19 21:06-INFO--进入账号注册+发朋友圈模式
18-11-19 21:07-INFO-53476787-IMEI:A00000596330563
18-11-19 21:07-INFO-53476787-MAC:ac:cf:85:78:fd:31
18-11-19 21:07-INFO-53476787-BRAND:HUAWEI
18-11-19 21:07-INFO-53476787-点击注册
18-11-19 21:07-INFO-53476787-输入昵称
18-11-19 21:07-INFO-53476787-清空手机号码
18-11-19 21:07-INFO-53476787-输入手机号码:13061759881
18-11-19 21:07-INFO-53476787-输入密码:bsyx690a
18-11-19 21:08-INFO--已经绑定该设备
18-11-19 21:08-INFO--可运行线程数:100
18-11-19 21:08-INFO--进入账号注册+发朋友圈模式
18-11-19 21:08-INFO-53476787-IMEI:356517051647967
18-11-19 21:08-INFO-53476787-MAC:f0:72:8c:a6:7d:e6
18-11-19 21:08-INFO-53476787-BRAND:samsung
18-11-19 21:08-INFO-53476787-点击注册
18-11-19 21:08-INFO-53476787-输入昵称
18-11-19 21:08-INFO-53476787-清空手机号码
18-11-19 21:08-INFO-53476787-输入手机号码:13061759881
18-11-19 21:08-INFO-53476787-输入密码:f9z4335a
18-11-19 21:08-INFO-53476787-点击注册
18-11-19 21:09-INFO-53476787-同意协议
18-11-19 21:12-INFO--已经绑定该设备
18-11-19 21:12-INFO--可运行线程数:100
18-11-19 21:12-INFO--进入账号注册+发朋友圈模式
18-11-19 21:12-INFO-53476787-IMEI:356517058548473
18-11-19 21:12-INFO-53476787-MAC:f0:72:8c:17:c5:73
18-11-19 21:12-INFO-53476787-BRAND:samsung
18-11-19 21:12-INFO-53476787-点击注册
18-11-19 21:12-INFO-53476787-输入昵称
18-11-19 21:12-INFO-53476787-清空手机号码
18-11-19 21:12-INFO-53476787-输入手机号码:13061759881
18-11-19 21:12-INFO-53476787-输入密码:kx6dry9a
18-11-19 21:12-INFO-53476787-点击注册
18-11-19 21:13-INFO-53476787-同意协议
18-11-19 21:14-INFO-53476787-进入滑图页面
18-11-19 21:15-INFO-53476787-读取的短信内容为:zc18
18-11-19 21:15-INFO-53476787-err|取号过期，请重新获取手机号2008
18-11-19 21:15-INFO-53476787-账号注册失败
18-11-19 21:18-INFO--已经绑定该设备
18-11-19 21:18-INFO--可运行线程数:100
18-11-19 21:18-INFO--进入账号注册+发朋友圈模式
18-11-19 21:19-INFO-53476787-IMEI:356517057235536
18-11-19 21:19-INFO-53476787-MAC:f0:72:8c:3b:b4:7f
18-11-19 21:19-INFO-53476787-BRAND:samsung
18-11-19 21:19-INFO-53476787-点击注册
18-11-19 21:19-INFO-53476787-输入昵称
18-11-19 21:19-INFO-53476787-清空手机号码
18-11-19 21:19-INFO-53476787-输入手机号码:13061759881
18-11-19 21:19-INFO-53476787-输入密码:nbks959a
18-11-19 21:19-INFO-53476787-点击注册
18-11-19 21:19-INFO-53476787-同意协议
18-11-19 21:20-INFO-53476787-同意协议
18-11-19 21:20-INFO-53476787-进入滑图页面
18-11-19 21:21-INFO-53476787-读取的短信内容为:zc18
18-11-19 21:21-INFO-53476787-err|取号过期，请重新获取手机号2008
18-11-19 21:21-INFO-53476787-账号注册失败
18-11-19 21:21-INFO-53476787-IMEI:868842029977069
18-11-19 21:21-INFO-53476787-MAC:58:44:98:19:f8:db
18-11-19 21:21-INFO-53476787-BRAND:Xiaomi
18-11-19 21:21-INFO-53476787-点击注册
18-11-19 21:21-INFO-53476787-输入昵称
18-11-19 21:21-INFO-53476787-清空手机号码
18-11-19 21:21-INFO-53476787-输入手机号码:13061759881
18-11-19 21:22-INFO-53476787-输入密码:q799z26a
18-11-19 21:22-INFO-53476787-点击注册
18-11-19 21:22-INFO-53476787-同意协议
18-11-19 21:22-INFO-53476787-同意协议
18-11-19 21:22-INFO-53476787-进入滑图页面
18-11-19 21:23-INFO-53476787-跳转到二维码页面
18-11-19 21:23-INFO-53476787-未跳码成功,重新注册!
18-11-19 21:23-INFO-53476787-账号注册失败
18-11-19 21:46-INFO--已经绑定该设备
18-11-19 21:47-INFO--已经绑定该设备
18-11-19 21:47-INFO--可运行线程数:100
18-11-19 21:47-INFO--进入发文字朋友圈模式
18-11-19 21:47-INFO-53476787-获取到手机号码:18324654439
18-11-19 21:47-INFO-53476787-获取到登录密码:69sc2qm2
18-11-19 21:47-INFO-53476787-获取到好友ID:xinghao_HJ
18-11-19 21:47-INFO-53476787-获取WXID:wxid_wkh77rrvbj0x22
18-11-19 21:47-INFO-53476787-获取环境包:62AaC854b3.zip
18-11-19 21:47-INFO-53476787-获取到注册IP:139.201.242.69
18-11-19 21:47-INFO-53476787-获取到注册日期:2018-10-19
18-11-19 21:49-INFO--已经绑定该设备
18-11-19 21:49-INFO--可运行线程数:100
18-11-19 21:49-INFO--进入发文字朋友圈模式
18-11-19 21:49-INFO-53476787-发现异常
18-11-19 21:49-INFO--已经绑定该设备
18-11-19 21:49-INFO--可运行线程数:100
18-11-19 21:49-INFO--进入发文字朋友圈模式
18-11-19 21:49-INFO-53476787-获取到手机号码:18324654439
18-11-19 21:49-INFO-53476787-获取到登录密码:69sc2qm2
18-11-19 21:49-INFO-53476787-获取到好友ID:xinghao_HJ
18-11-19 21:49-INFO-53476787-获取WXID:wxid_wkh77rrvbj0x22
18-11-19 21:49-INFO-53476787-获取环境包:62AaC854b3.zip
18-11-19 21:49-INFO-53476787-获取到注册IP:139.201.242.69
18-11-19 21:49-INFO-53476787-获取到注册日期:2018-10-19
18-11-19 21:50-INFO-53476787-失败
18-11-19 21:51-INFO-53476787-发现异常
18-11-19 21:56-INFO--已经绑定该设备
18-11-19 21:56-INFO--可运行线程数:100
18-11-19 21:56-INFO--进入发文字朋友圈模式
18-11-19 21:56-INFO-53476787-获取到手机号码:18324654439
18-11-19 21:56-INFO-53476787-获取到登录密码:69sc2qm2
18-11-19 21:56-INFO-53476787-获取到好友ID:xinghao_HJ
18-11-19 21:56-INFO-53476787-获取WXID:wxid_wkh77rrvbj0x22
18-11-19 21:56-INFO-53476787-获取环境包:62AaC854b3.zip
18-11-19 21:56-INFO-53476787-获取到注册IP:139.201.242.69
18-11-19 21:56-INFO-53476787-获取到注册日期:2018-10-19
18-11-19 21:59-INFO--已经绑定该设备
18-11-19 21:59-INFO--可运行线程数:100
18-11-19 21:59-INFO--进入发文字朋友圈模式
18-11-19 21:59-INFO-53476787-获取到手机号码:18324654439
18-11-19 21:59-INFO-53476787-获取到登录密码:69sc2qm2
18-11-19 21:59-INFO-53476787-获取到好友ID:xinghao_HJ
18-11-19 21:59-INFO-53476787-获取WXID:wxid_wkh77rrvbj0x22
18-11-19 21:59-INFO-53476787-获取环境包:62AaC854b3.zip
18-11-19 21:59-INFO-53476787-获取到注册IP:139.201.242.69
18-11-19 21:59-INFO-53476787-获取到注册日期:2018-10-19
18-11-19 22:01-INFO-53476787-发现错误弹窗
18-11-19 22:01-INFO-53476787-点击确定
18-11-19 22:01-INFO-53476787-登陆出现错误
18-11-19 22:01-INFO-53476787-失败
18-11-19 22:01-INFO-53476787-发现异常
18-11-19 22:03-INFO--已经绑定该设备
18-11-19 22:03-INFO--可运行线程数:100
18-11-19 22:03-INFO--进入发文字朋友圈模式
18-11-19 22:03-INFO-53476787-获取到手机号码:18324654439
18-11-19 22:03-INFO-53476787-获取到登录密码:69sc2qm2
18-11-19 22:03-INFO-53476787-获取到好友ID:xinghao_HJ
18-11-19 22:03-INFO-53476787-获取WXID:wxid_wkh77rrvbj0x22
18-11-19 22:03-INFO-53476787-获取环境包:62AaC854b3.zip
18-11-19 22:03-INFO-53476787-获取到注册IP:139.201.242.69
18-11-19 22:03-INFO-53476787-获取到注册日期:2018-10-19
18-11-19 22:03-INFO-53476787-失败
18-11-19 22:03-INFO-53476787-发现异常
18-11-19 22:03-INFO--已经绑定该设备
18-11-19 22:03-INFO--可运行线程数:100
18-11-19 22:03-WARNING-Retrying (Retry(total=2, connect=None, read=None, redirect=None, status=None)) after connection broken by 'ProtocolError('Connection aborted.', error(10054, ''))': /version
18-11-19 22:03-WARNING-Retrying (Retry(total=1, connect=None, read=None, redirect=None, status=None)) after connection broken by 'ProtocolError('Connection aborted.', error(10054, ''))': /version
18-11-19 22:03-WARNING-Retrying (Retry(total=0, connect=None, read=None, redirect=None, status=None)) after connection broken by 'ProtocolError('Connection aborted.', error(10054, ''))': /version
18-11-19 22:03-WARNING-Retrying (Retry(total=2, connect=None, read=None, redirect=None, status=None)) after connection broken by 'ProtocolError('Connection aborted.', error(10054, ''))': /ping
18-11-19 22:03-INFO--进入发文字朋友圈模式
18-11-19 22:03-INFO-53476787-发现异常
18-11-19 22:04-INFO--已经绑定该设备
18-11-19 22:04-INFO--可运行线程数:100
18-11-19 22:04-INFO--进入发文字朋友圈模式
18-11-19 22:04-INFO-53476787-获取到手机号码:18324654439
18-11-19 22:04-INFO-53476787-获取到登录密码:69sc2qm2
18-11-19 22:04-INFO-53476787-获取到好友ID:xinghao_HJ
18-11-19 22:04-INFO-53476787-获取WXID:wxid_wkh77rrvbj0x22
18-11-19 22:04-INFO-53476787-获取环境包:62AaC854b3.zip
18-11-19 22:04-INFO-53476787-获取到注册IP:139.201.242.69
18-11-19 22:04-INFO-53476787-获取到注册日期:2018-10-19
18-11-19 22:06-INFO-53476787-发现错误弹窗
18-11-19 22:06-INFO-53476787-点击确定
18-11-19 22:06-INFO-53476787-登陆出现错误
18-11-19 22:06-INFO-53476787-失败
18-11-19 22:06-INFO-53476787-发现异常
18-11-19 22:06-INFO--已经绑定该设备
18-11-19 22:07-INFO--可运行线程数:100
18-11-19 22:07-INFO--进入发文字朋友圈模式
18-11-19 22:07-INFO-53476787-获取到手机号码:18324654439
18-11-19 22:07-INFO-53476787-获取到登录密码:69sc2qm2
18-11-19 22:07-INFO-53476787-获取到好友ID:xinghao_HJ
18-11-19 22:07-INFO-53476787-获取WXID:wxid_wkh77rrvbj0x22
18-11-19 22:07-INFO-53476787-获取环境包:62AaC854b3.zip
18-11-19 22:07-INFO-53476787-获取到注册IP:139.201.242.69
18-11-19 22:07-INFO-53476787-获取到注册日期:2018-10-19
18-11-19 22:08-INFO-53476787-发现错误弹窗
18-11-19 22:08-INFO-53476787-点击确定
18-11-19 22:08-INFO-53476787-登陆出现错误
18-11-19 22:08-INFO-53476787-打开微信
18-11-19 22:08-INFO-53476787-输入密码
18-11-19 22:08-INFO-53476787-点击登录
18-11-19 22:09-INFO--已经绑定该设备
18-11-19 22:10-INFO--可运行线程数:100
18-11-19 22:10-INFO--进入发文字朋友圈模式
18-11-19 22:10-INFO-53476787-获取到手机号码:18324654439
18-11-19 22:10-INFO-53476787-获取到登录密码:69sc2qm2
18-11-19 22:10-INFO-53476787-获取到好友ID:xinghao_HJ
18-11-19 22:10-INFO-53476787-获取WXID:wxid_wkh77rrvbj0x22
18-11-19 22:10-INFO-53476787-获取环境包:62AaC854b3.zip
18-11-19 22:10-INFO-53476787-获取到注册IP:139.201.242.69
18-11-19 22:10-INFO-53476787-获取到注册日期:2018-10-19
18-11-19 22:11-INFO-53476787-发现错误弹窗
18-11-19 22:11-INFO-53476787-点击确定
18-11-19 22:11-INFO-53476787-登陆出现错误
18-11-19 22:11-INFO-53476787-打开微信
18-11-19 22:11-INFO-53476787-输入密码
18-11-19 22:11-INFO-53476787-点击登录
18-11-19 22:12-INFO-53476787-点击发现
18-11-19 22:12-INFO-53476787-点击朋友圈
18-11-19 22:12-INFO-53476787-长按相机
18-11-19 22:12-INFO-53476787-进入到发文字朋友圈页面
18-11-19 22:12-INFO-53476787-输入文字
18-11-19 22:12-INFO-53476787-点击发表
18-11-19 22:12-INFO-53476787-成功
18-11-19 22:12-INFO-53476787-发现异常
18-11-19 23:33-INFO--已经绑定该设备
18-11-19 23:33-INFO--可运行线程数:100
18-11-19 23:33-INFO--进入账号注册+发朋友圈模式
18-11-19 23:34-INFO-53476787-获取不到手机号码
18-11-19 23:34-INFO-53476787-获取不到手机号码
18-11-19 23:34-INFO-53476787-获取不到手机号码
18-11-19 23:35-INFO-53476787-获取不到手机号码
18-11-19 23:35-INFO-53476787-获取不到手机号码
18-11-19 23:36-INFO-53476787-获取不到手机号码
18-11-19 23:36-INFO-53476787-获取不到手机号码
18-11-19 23:36-INFO-53476787-获取不到手机号码
18-11-19 23:37-INFO-53476787-获取不到手机号码
18-11-19 23:37-INFO-53476787-获取不到手机号码
18-11-19 23:37-INFO-53476787-获取不到手机号码
18-11-19 23:37-INFO-53476787-获取不到手机号码
18-11-19 23:38-INFO-53476787-获取不到手机号码
18-11-19 23:38-INFO-53476787-获取不到手机号码
18-11-20 14:51-INFO--第一次运行
18-11-20 14:51-INFO--可运行线程数:100
18-11-20 14:51-INFO--进入账号注册+发朋友圈模式
18-11-20 14:51-INFO-53476787-获取到手机号码:17344818565
18-11-20 14:51-INFO-53476787-IMEI:863170029899603
18-11-20 14:51-INFO-53476787-MAC:18:dc:56:2a:cb:21
18-11-20 14:51-INFO-53476787-BRAND:Coolpad
18-11-20 14:52-INFO-53476787-点击注册
18-11-20 14:52-INFO-53476787-输入昵称
18-11-20 14:52-INFO-53476787-清空手机号码
18-11-20 14:52-INFO-53476787-输入手机号码:17344818565
18-11-20 14:52-INFO-53476787-输入密码:cue50r9a
18-11-20 14:52-INFO-53476787-点击注册
18-11-20 14:52-INFO-53476787-同意协议
18-11-20 14:52-INFO-53476787-同意协议
18-11-20 14:53-INFO-53476787-进入滑图页面
18-11-20 14:53-INFO-53476787-跳转到二维码页面
18-11-20 14:53-INFO-53476787-未跳码成功,重新注册!
18-11-20 14:53-INFO-53476787-账号注册失败
18-11-20 14:53-INFO-53476787-获取到手机号码:17344609042
18-11-20 14:54-INFO--已经绑定该设备
18-11-20 14:54-INFO--可运行线程数:100
18-11-20 14:54-INFO--进入账号注册+发朋友圈模式
18-11-20 14:54-INFO-53476787-获取到手机号码:17739029291
18-11-20 14:54-INFO-53476787-IMEI:353405066414032
18-11-20 14:54-INFO-53476787-MAC:14:b4:84:e9:7d:fd
18-11-20 14:54-INFO-53476787-BRAND:samsung
18-11-20 14:55-INFO-53476787-点击注册
18-11-20 14:55-INFO-53476787-输入昵称
18-11-20 14:55-INFO-53476787-清空手机号码
18-11-20 14:55-INFO-53476787-输入手机号码:17739029291
18-11-20 14:55-INFO-53476787-输入密码:8ir6w99a
18-11-20 14:55-INFO-53476787-点击注册
18-11-20 14:55-INFO-53476787-同意协议
18-11-20 14:55-INFO-53476787-同意协议
18-11-20 14:55-INFO-53476787-进入滑图页面
18-11-20 14:56-INFO-53476787-跳转到二维码页面
18-11-20 14:56-INFO-53476787-未跳码成功,重新注册!
18-11-20 14:56-INFO-53476787-账号注册失败
18-11-20 14:56-INFO-53476787-获取到手机号码:17337903468
18-11-20 14:56-INFO-53476787-IMEI:990005627719975
18-11-20 14:56-INFO-53476787-MAC:18:dc:56:61:ab:21
18-11-20 14:56-INFO-53476787-BRAND:QiKU
18-11-20 14:56-INFO-53476787-点击注册
18-11-20 14:56-INFO-53476787-输入昵称
18-11-20 14:56-INFO-53476787-清空手机号码
18-11-20 14:56-INFO-53476787-输入手机号码:17337903468
18-11-20 14:56-INFO-53476787-输入密码:9a2c5i0a
18-11-20 14:56-INFO-53476787-点击注册
18-11-20 14:57-INFO-53476787-同意协议
18-11-20 14:57-INFO-53476787-同意协议
18-11-20 14:57-INFO-53476787-进入滑图页面
18-11-20 14:57-INFO-53476787-跳转到二维码页面
18-11-20 14:57-INFO-53476787-未跳码成功,重新注册!
18-11-20 14:57-INFO-53476787-账号注册失败
18-11-20 14:58-INFO-53476787-获取到手机号码:17339469382
18-11-20 14:58-INFO-53476787-IMEI:860671026010188
18-11-20 14:58-INFO-53476787-MAC:f8:a4:5f:38:4e:5
18-11-20 14:58-INFO-53476787-BRAND:Xiaomi
18-11-20 14:58-INFO-53476787-点击注册
18-11-20 14:58-INFO-53476787-输入昵称
18-11-20 14:58-INFO-53476787-清空手机号码
18-11-20 14:58-INFO-53476787-输入手机号码:17339469382
18-11-20 14:58-INFO-53476787-输入密码:x2yewt9a
18-11-20 14:58-INFO-53476787-点击注册
18-11-20 14:58-INFO-53476787-同意协议
18-11-20 14:59-INFO-53476787-同意协议
18-11-20 14:59-INFO-53476787-进入滑图页面
18-11-20 15:00-INFO-53476787-跳转到二维码页面
18-11-20 15:00-INFO-53476787-未跳码成功,重新注册!
18-11-20 15:00-INFO-53476787-账号注册失败
18-11-20 15:00-INFO-53476787-获取到手机号码:17303739267
18-11-20 15:00-INFO-53476787-IMEI:356517057282769
18-11-20 15:00-INFO-53476787-MAC:f0:72:8c:ed:b7:a
18-11-20 15:00-INFO-53476787-BRAND:samsung
18-11-20 15:00-INFO-53476787-点击注册
18-11-20 15:00-INFO-53476787-输入昵称
18-11-20 15:00-INFO-53476787-清空手机号码
18-11-20 15:00-INFO-53476787-输入手机号码:17303739267
18-11-20 15:00-INFO-53476787-输入密码:9rwji27a
18-11-20 15:00-INFO-53476787-点击注册
18-11-20 15:00-INFO-53476787-同意协议
18-11-20 15:01-INFO-53476787-同意协议
18-11-20 15:01-INFO-53476787-进入滑图页面
18-11-20 15:01-INFO-53476787-跳转到二维码页面
18-11-20 15:01-INFO-53476787-未跳码成功,重新注册!
18-11-20 15:01-INFO-53476787-账号注册失败
18-11-20 15:01-INFO-53476787-获取到手机号码:15346232655
18-11-20 15:02-INFO-53476787-IMEI:860671029681233
18-11-20 15:02-INFO-53476787-MAC:f8:a4:5f:28:9e:3d
18-11-20 15:02-INFO-53476787-BRAND:Xiaomi
18-11-20 15:02-INFO-53476787-点击注册
18-11-20 15:02-INFO-53476787-输入昵称
18-11-20 15:02-INFO-53476787-清空手机号码
18-11-20 15:02-INFO-53476787-输入手机号码:15346232655
18-11-20 15:02-INFO-53476787-输入密码:d98o7m2a
18-11-20 15:02-INFO-53476787-点击注册
18-11-20 15:02-INFO-53476787-同意协议
18-11-20 15:02-INFO-53476787-同意协议
18-11-20 15:02-INFO-53476787-进入滑图页面
18-11-20 15:03-INFO-53476787-跳转到二维码页面
18-11-20 15:03-INFO-53476787-未跳码成功,重新注册!
18-11-20 15:03-INFO-53476787-账号注册失败
18-11-20 15:03-INFO-53476787-获取到手机号码:17772164129
18-11-20 15:03-INFO-53476787-IMEI:358851054656156
18-11-20 15:03-INFO-53476787-MAC:d0:22:be:e:ce:41
18-11-20 15:03-INFO-53476787-BRAND:samsung
18-11-20 16:06-INFO--已经绑定该设备
18-11-20 16:06-INFO--可运行线程数:100
18-11-20 16:07-INFO--已经绑定该设备
18-11-20 16:07-INFO--可运行线程数:100
18-11-20 16:07-INFO--已经绑定该设备
18-11-20 16:07-INFO--可运行线程数:100
18-11-20 16:07-WARNING-Retrying (Retry(total=2, connect=None, read=None, redirect=None, status=None)) after connection broken by 'ProtocolError('Connection aborted.', error(10054, ''))': /version
18-11-20 16:07-WARNING-Retrying (Retry(total=1, connect=None, read=None, redirect=None, status=None)) after connection broken by 'ProtocolError('Connection aborted.', error(10054, ''))': /version
18-11-20 16:07-WARNING-Retrying (Retry(total=0, connect=None, read=None, redirect=None, status=None)) after connection broken by 'ProtocolError('Connection aborted.', error(10054, ''))': /version
18-11-20 16:07-INFO--进入账号注册+发朋友圈模式
18-11-20 16:07-INFO-53476787-获取到手机号码:17339686940
18-11-20 16:08-INFO-53476787-IMEI:351554057497100
18-11-20 16:08-INFO-53476787-MAC:a0:0b:ba:7b:6c:5f
18-11-20 16:08-INFO-53476787-BRAND:google
18-11-20 16:08-INFO-53476787-点击注册
18-11-20 16:08-INFO-53476787-输入昵称
18-11-20 16:08-INFO-53476787-清空手机号码
18-11-20 16:08-INFO-53476787-输入手机号码:17339686940
18-11-20 16:08-INFO-53476787-输入密码:2t9i838a
18-11-20 16:08-INFO-53476787-点击注册
18-11-20 16:09-INFO-53476787-同意协议
18-11-20 16:09-INFO-53476787-同意协议
18-11-20 16:09-INFO-53476787-进入滑图页面
18-11-20 16:09-INFO-53476787-跳转到二维码页面
18-11-20 16:09-INFO-53476787-未跳码成功,重新注册!
18-11-20 16:09-INFO-53476787-账号注册失败
18-11-20 16:09-INFO-53476787-获取到手机号码:17740482152
18-11-20 16:10-INFO-53476787-IMEI:A00000435262951
18-11-20 16:10-INFO-53476787-MAC:70:72:3c:7:3b:85
18-11-20 16:10-INFO-53476787-BRAND:Huawei
18-11-20 16:10-INFO-53476787-点击注册
18-11-20 16:10-INFO-53476787-输入昵称
18-11-20 16:10-INFO-53476787-清空手机号码
18-11-20 16:10-INFO-53476787-输入手机号码:17740482152
18-11-20 16:10-INFO-53476787-输入密码:mak9194a
18-11-20 16:10-INFO-53476787-点击注册
18-11-20 16:11-INFO-53476787-同意协议
18-11-20 16:11-INFO-53476787-同意协议
18-11-20 16:11-INFO-53476787-进入滑图页面
18-11-20 16:12-INFO-53476787-跳转到二维码页面
18-11-20 16:12-INFO-53476787-未跳码成功,重新注册!
18-11-20 16:12-INFO-53476787-账号注册失败
18-11-20 16:12-INFO-53476787-获取不到手机号码
18-11-20 16:13-INFO--已经绑定该设备
18-11-20 16:13-INFO--可运行线程数:100
18-11-20 16:13-INFO--进入账号注册+发朋友圈模式
18-11-20 16:13-INFO-53476787-获取不到手机号码
18-11-20 16:13-INFO-53476787-获取不到手机号码
18-11-20 18:38-INFO--已经绑定该设备
18-11-20 18:38-INFO--可运行线程数:100
18-11-20 18:38-INFO--进入账号注册+发朋友圈模式
18-11-20 18:38-INFO-53476787-获取到手机号码:17344979332
18-11-20 18:38-INFO-53476787-IMEI:867905026930901
18-11-20 18:38-INFO-53476787-MAC:68:3e:34:d4:67:9
18-11-20 18:38-INFO-53476787-BRAND:Meizu
18-11-20 18:38-INFO-53476787-点击注册
18-11-20 18:38-INFO-53476787-输入昵称
18-11-20 18:38-INFO-53476787-清空手机号码
18-11-20 18:38-INFO-53476787-输入手机号码:17344979332
18-11-20 18:38-INFO-53476787-输入密码:m9ozon7a
18-11-20 18:38-INFO-53476787-点击注册
18-11-20 18:39-INFO-53476787-同意协议
18-11-20 18:39-INFO-53476787-同意协议
18-11-20 18:39-INFO-53476787-进入滑图页面
18-11-20 18:39-INFO-53476787-跳转到二维码页面
18-11-20 18:39-INFO-53476787-未跳码成功,重新注册!
18-11-20 18:39-INFO-53476787-账号注册失败
18-11-20 18:39-INFO-53476787-获取到手机号码:18153016656
18-11-20 18:40-INFO-53476787-IMEI:356517054352912
18-11-20 18:40-INFO-53476787-MAC:f0:72:8c:69:a:4b
18-11-20 18:40-INFO-53476787-BRAND:samsung
18-11-20 18:40-INFO-53476787-点击注册
18-11-20 18:40-INFO-53476787-输入昵称
18-11-20 18:40-INFO-53476787-清空手机号码
18-11-20 18:40-INFO-53476787-输入手机号码:18153016656
18-11-20 18:40-INFO-53476787-输入密码:etaq092a
18-11-20 18:40-INFO-53476787-点击注册
18-11-20 18:40-INFO-53476787-同意协议
18-11-20 18:40-INFO-53476787-同意协议
18-11-20 18:41-INFO-53476787-进入滑图页面
18-11-20 18:41-INFO-53476787-跳转到二维码页面
18-11-20 18:41-INFO-53476787-未跳码成功,重新注册!
18-11-20 18:41-INFO-53476787-账号注册失败
18-11-20 18:41-INFO-53476787-获取到手机号码:17339430901
18-11-20 18:41-INFO-53476787-IMEI:354728077903209
18-11-20 18:41-INFO-53476787-MAC:28:27:bf:1a:68:96
18-11-20 18:41-INFO-53476787-BRAND:samsung
18-11-20 18:42-INFO-53476787-点击注册
18-11-20 18:42-INFO-53476787-输入昵称
18-11-20 18:42-INFO-53476787-清空手机号码
18-11-20 18:42-INFO-53476787-输入手机号码:17339430901
18-11-20 18:42-INFO-53476787-输入密码:fy8cez9a
18-11-20 18:42-INFO-53476787-点击注册
18-11-20 18:42-INFO-53476787-同意协议
18-11-20 18:42-INFO-53476787-同意协议
18-11-20 18:42-INFO-53476787-进入滑图页面
18-11-20 18:43-INFO-53476787-跳转到二维码页面
18-11-20 18:43-INFO-53476787-未跳码成功,重新注册!
18-11-20 18:43-INFO-53476787-账号注册失败
18-11-20 18:43-INFO-53476787-获取到手机号码:17344952467
18-11-20 18:43-INFO-53476787-IMEI:357070057886683
18-11-20 18:43-INFO-53476787-MAC:34:23:ba:bf:4b:f
18-11-20 18:43-INFO-53476787-BRAND:samsung
18-11-20 18:43-INFO-53476787-点击注册
18-11-20 18:43-INFO-53476787-输入昵称
18-11-20 18:43-INFO-53476787-清空手机号码
18-11-20 18:43-INFO-53476787-输入手机号码:17344952467
18-11-20 18:43-INFO-53476787-输入密码:9790vk6a
18-11-20 18:43-INFO-53476787-点击注册
18-11-20 18:44-INFO-53476787-同意协议
18-11-20 18:44-INFO-53476787-同意协议
18-11-20 18:44-INFO-53476787-进入滑图页面
18-11-20 18:44-INFO-53476787-跳转到二维码页面
18-11-20 18:44-INFO-53476787-未跳码成功,重新注册!
18-11-20 18:44-INFO-53476787-账号注册失败
18-11-20 18:44-INFO-53476787-获取到手机号码:17344919615
18-11-20 18:45-INFO-53476787-IMEI:352179074284304
18-11-20 18:45-INFO-53476787-MAC:14:dd:a9:19:62:bc
18-11-20 18:45-INFO-53476787-BRAND:asus
18-11-20 18:45-INFO-53476787-点击注册
18-11-20 18:45-INFO-53476787-输入昵称
18-11-20 18:45-INFO-53476787-清空手机号码
18-11-20 18:45-INFO-53476787-输入手机号码:17344919615
18-11-20 18:45-INFO-53476787-输入密码:8sd9r20a
18-11-20 18:45-INFO-53476787-点击注册
18-11-20 18:45-INFO-53476787-同意协议
18-11-20 18:45-INFO-53476787-同意协议
18-11-20 18:46-INFO-53476787-进入滑图页面
18-11-20 18:46-INFO-53476787-跳转到二维码页面
18-11-20 18:46-INFO-53476787-未跳码成功,重新注册!
18-11-20 18:46-INFO-53476787-账号注册失败
18-11-20 18:46-INFO-53476787-获取到手机号码:15324649384
18-11-20 18:46-INFO-53476787-IMEI:860916035100631
18-11-20 18:46-INFO-53476787-MAC:02:00:00:e8:77:63
18-11-20 18:46-INFO-53476787-BRAND:HUAWEI
18-11-20 18:47-INFO-53476787-点击注册
18-11-20 18:47-INFO-53476787-输入昵称
18-11-20 18:47-INFO-53476787-清空手机号码
18-11-20 18:47-INFO-53476787-输入手机号码:15324649384
18-11-20 18:47-INFO-53476787-输入密码:pz2jw97a
18-11-20 18:47-INFO-53476787-点击注册
18-11-20 18:47-INFO-53476787-同意协议
18-11-20 18:47-INFO-53476787-同意协议
18-11-20 18:47-INFO-53476787-进入滑图页面
18-11-20 18:47-INFO-53476787-跳转到二维码页面
18-11-20 18:47-INFO-53476787-未跳码成功,重新注册!
18-11-20 18:47-INFO-53476787-账号注册失败
18-11-20 18:48-INFO-53476787-获取到手机号码:18037987539
18-11-20 18:48-INFO-53476787-IMEI:356517052306381
18-11-20 18:48-INFO-53476787-MAC:f0:72:8c:64:c7:e8
18-11-20 18:48-INFO-53476787-BRAND:samsung
18-11-20 18:48-INFO-53476787-点击注册
18-11-20 18:48-INFO-53476787-输入昵称
18-11-20 18:48-INFO-53476787-清空手机号码
18-11-20 18:48-INFO-53476787-输入手机号码:18037987539
18-11-20 18:48-INFO-53476787-输入密码:ygo9w48a
18-11-20 18:48-INFO-53476787-点击注册
18-11-20 18:48-INFO-53476787-同意协议
18-11-20 18:49-INFO-53476787-同意协议
18-11-20 18:49-INFO-53476787-进入滑图页面
18-11-20 18:49-INFO-53476787-跳转到二维码页面
18-11-20 18:49-INFO-53476787-未跳码成功,重新注册!
18-11-20 18:49-INFO-53476787-账号注册失败
18-11-20 18:49-INFO-53476787-获取到手机号码:17344745169
18-11-20 18:50-INFO-53476787-IMEI:356517053784248
18-11-20 18:50-INFO-53476787-MAC:f0:72:8c:b:85:b3
18-11-20 18:50-INFO-53476787-BRAND:samsung
18-11-20 18:50-INFO-53476787-点击注册
18-11-20 18:50-INFO-53476787-输入昵称
18-11-20 18:50-INFO-53476787-清空手机号码
18-11-20 18:50-INFO-53476787-输入手机号码:17344745169
18-11-20 18:50-INFO-53476787-输入密码:xng9ov3a
18-11-20 18:50-INFO-53476787-点击注册
18-11-20 18:50-INFO-53476787-同意协议
18-11-20 18:51-INFO-53476787-进入滑图页面
18-11-20 18:51-INFO-53476787-跳转到二维码页面
18-11-20 18:51-INFO-53476787-未跳码成功,重新注册!
18-11-20 18:51-INFO-53476787-账号注册失败
18-11-20 18:51-INFO-53476787-获取到手机号码:17395943265
18-11-20 18:51-INFO-53476787-IMEI:356517054216398
18-11-20 18:51-INFO-53476787-MAC:f0:72:8c:12:89:2d
18-11-20 18:51-INFO-53476787-BRAND:samsung
18-11-20 18:52-INFO-53476787-点击注册
18-11-20 18:52-INFO-53476787-输入昵称
18-11-20 18:52-INFO-53476787-清空手机号码
18-11-20 18:52-INFO-53476787-输入手机号码:17395943265
18-11-20 18:52-INFO-53476787-输入密码:doq9zt0a
18-11-20 18:52-INFO-53476787-点击注册
18-11-20 18:52-INFO-53476787-同意协议
18-11-20 18:52-INFO-53476787-同意协议
18-11-20 18:52-INFO-53476787-进入滑图页面
18-11-20 18:53-INFO-53476787-跳转到二维码页面
18-11-20 18:53-INFO-53476787-未跳码成功,重新注册!
18-11-20 18:53-INFO-53476787-账号注册失败
18-11-20 18:53-INFO-53476787-获取到手机号码:18039453307
18-11-20 18:53-INFO-53476787-IMEI:868842021004664
18-11-20 18:53-INFO-53476787-MAC:58:44:98:ab:c6:94
18-11-20 18:53-INFO-53476787-BRAND:Xiaomi
18-11-20 18:53-INFO-53476787-点击注册
18-11-20 18:53-INFO-53476787-输入昵称
18-11-20 18:53-INFO-53476787-清空手机号码
18-11-20 18:53-INFO-53476787-输入手机号码:18039453307
18-11-20 18:53-INFO-53476787-输入密码:qhtnbt9a
18-11-20 18:53-INFO-53476787-点击注册
18-11-20 18:54-INFO-53476787-同意协议
18-11-20 18:54-INFO-53476787-同意协议
18-11-20 18:54-INFO-53476787-进入滑图页面
18-11-20 18:54-INFO-53476787-跳转到二维码页面
18-11-20 18:54-INFO-53476787-未跳码成功,重新注册!
18-11-20 18:54-INFO-53476787-账号注册失败
18-11-20 18:54-INFO-53476787-获取到手机号码:15303710552
18-11-20 18:55-INFO-53476787-IMEI:868842022344325
18-11-20 18:55-INFO-53476787-MAC:58:44:98:49:c1:a9
18-11-20 18:55-INFO-53476787-BRAND:Xiaomi
18-11-20 18:55-INFO-53476787-点击注册
18-11-20 18:55-INFO-53476787-输入昵称
18-11-20 18:55-INFO-53476787-清空手机号码
18-11-20 18:55-INFO-53476787-输入手机号码:15303710552
18-11-20 18:55-INFO-53476787-输入密码:fdbe669a
18-11-20 18:55-INFO-53476787-点击注册
18-11-20 18:55-INFO-53476787-同意协议
18-11-20 18:55-INFO-53476787-同意协议
18-11-20 18:56-INFO-53476787-进入滑图页面
18-11-20 18:57-INFO--已经绑定该设备
18-11-20 18:57-INFO--可运行线程数:100
18-11-20 18:57-INFO--进入账号注册+发朋友圈模式
18-11-20 18:57-INFO-53476787-获取到手机号码:17303996697
18-11-20 18:57-INFO-53476787-发现异常,重新注册
18-11-20 18:58-INFO-53476787-获取到手机号码:17339051208
18-11-20 18:58-INFO-53476787-发现异常,重新注册
18-11-20 18:58-INFO-53476787-获取到手机号码:17303911556
18-11-20 18:58-INFO-53476787-发现异常,重新注册
18-11-20 18:58-INFO-53476787-获取到手机号码:17303843241
18-11-20 18:58-INFO-53476787-发现异常,重新注册
18-11-20 18:58-INFO-53476787-获取到手机号码:15324885937
18-11-20 18:58-INFO-53476787-发现异常,重新注册
18-11-20 18:58-INFO-53476787-获取到手机号码:17339401072
18-11-20 18:58-INFO-53476787-发现异常,重新注册
18-11-20 18:59-INFO--已经绑定该设备
18-11-20 18:59-INFO--可运行线程数:100
18-11-20 18:59-INFO--进入账号注册+发朋友圈模式
18-11-20 18:59-INFO-53476787-获取到手机号码:17719089822
18-11-20 19:00-INFO-53476787-IMEI:356517053752435
18-11-20 19:00-INFO-53476787-MAC:f0:72:8c:ce:4:a1
18-11-20 19:00-INFO-53476787-BRAND:samsung
18-11-20 19:00-INFO-53476787-点击注册
18-11-20 19:00-INFO-53476787-输入昵称
18-11-20 19:00-INFO-53476787-清空手机号码
18-11-20 19:00-INFO-53476787-输入手机号码:17719089822
18-11-20 19:00-INFO-53476787-输入密码:5pj4t92a
18-11-20 19:00-INFO-53476787-点击注册
18-11-20 19:00-INFO-53476787-同意协议
18-11-20 19:00-INFO-53476787-同意协议
18-11-20 19:01-INFO-53476787-进入滑图页面
18-11-20 19:01-INFO-53476787-跳转到二维码页面
18-11-20 19:01-INFO-53476787-未跳码成功,重新注册!
18-11-20 19:01-INFO-53476787-账号注册失败
18-11-20 19:01-INFO-53476787-获取不到手机号码
18-11-20 19:02-INFO-53476787-获取不到手机号码
18-11-20 19:02-INFO-53476787-获取不到手机号码
18-11-20 19:02-INFO-53476787-获取不到手机号码
18-11-20 19:02-INFO-53476787-获取不到手机号码
